Сборка начата 05.12.2021 22:39:22.
Уровень детализации журнала: Normal.     1>Проект "e:\!ПОИТ\2\First\КСИС\Лабы\lab8\lab8\lab8.vcxproj" в узле 2 (целевые объекты Build).
     1>InitializeBuildStatus:
         Обращение к "Debug\lab8.tlog\unsuccessfulbuild".
       ClCompile:
         E:\SOFT\Visual Studio\VC\Tools\MSVC\14.29.30037\bin\HostX86\x86\CL.exe /c /ZI /JMC /nologo /W3 /WX- /diagnostics:column /sdl /Od /Oy- /D WIN32 /D _DEBUG /D _CONSOLE /D _UNICODE /D UNICODE /Gm- /EHsc /RTC1 /MDd /GS /fp:precise /permissive- /Zc:wchar_t /Zc:forScope /Zc:inline /Fo"Debug\\" /Fd"Debug\vc142.pdb" /external:W3 /Gd /TP /analyze- /FC /errorReport:prompt lab8.cpp
         lab8.cpp
     1>e:\!ПОИТ\2\First\КСИС\Лабы\lab8\lab8\lab8.cpp(72,21): warning C4018: <=: несоответствие типов со знаком и без знака
     1>e:\!ПОИТ\2\First\КСИС\Лабы\lab8\lab8\lab8.cpp(76,23): warning C4018: <=: несоответствие типов со знаком и без знака
     1>e:\!ПОИТ\2\First\КСИС\Лабы\lab8\lab8\lab8.cpp(128,32): warning C4244: +=: преобразование "double" в "int", возможна потеря данных
     1>e:\!ПОИТ\2\First\КСИС\Лабы\lab8\lab8\lab8.cpp(88,11): warning C4101: mod: неиспользованная локальная переменная
     1>e:\!ПОИТ\2\First\КСИС\Лабы\lab8\lab8\lab8.cpp(88,6): warning C4101: bin: неиспользованная локальная переменная
       Link:
         E:\SOFT\Visual Studio\VC\Tools\MSVC\14.29.30037\bin\HostX86\x86\link.exe /ERRORREPORT:PROMPT /OUT:"E:\!ПОИТ\2\First\КСИС\Лабы\lab8\Debug\lab8.exe" /INCREMENTAL /ILK:"Debug\lab8.ilk" /NOLOGO kernel32.lib user32.lib gdi32.lib winspool.lib comdlg32.lib advapi32.lib shell32.lib ole32.lib oleaut32.lib uuid.lib odbc32.lib odbccp32.lib /MANIFEST /MANIFESTUAC:"level='asInvoker' uiAccess='false'" /manifest:embed /DEBUG /PDB:"E:\!ПОИТ\2\First\КСИС\Лабы\lab8\Debug\lab8.pdb" /SUBSYSTEM:CONSOLE /TLBID:1 /DYNAMICBASE /NXCOMPAT /IMPLIB:"E:\!ПОИТ\2\First\КСИС\Лабы\lab8\Debug\lab8.lib" /MACHINE:X86 Debug\lab8.obj
         lab8.vcxproj -> E:\!ПОИТ\2\First\КСИС\Лабы\lab8\Debug\lab8.exe
       FinalizeBuildStatus:
         Файл "Debug\lab8.tlog\unsuccessfulbuild" удаляется.
         Обращение к "Debug\lab8.tlog\lab8.lastbuildstate".
     1>Сборка проекта "e:\!ПОИТ\2\First\КСИС\Лабы\lab8\lab8\lab8.vcxproj" завершена (целевые объекты Build).

Сборка успешно завершена.

       "e:\!ПОИТ\2\First\КСИС\Лабы\lab8\lab8\lab8.vcxproj" (целевой объект Build ) (1) ->
       (Целевой объект ClCompile) -> 
         e:\!ПОИТ\2\First\КСИС\Лабы\lab8\lab8\lab8.cpp(72,21): warning C4018: <=: несоответствие типов со знаком и без знака
         e:\!ПОИТ\2\First\КСИС\Лабы\lab8\lab8\lab8.cpp(76,23): warning C4018: <=: несоответствие типов со знаком и без знака
         e:\!ПОИТ\2\First\КСИС\Лабы\lab8\lab8\lab8.cpp(128,32): warning C4244: +=: преобразование "double" в "int", возможна потеря данных
         e:\!ПОИТ\2\First\КСИС\Лабы\lab8\lab8\lab8.cpp(88,11): warning C4101: mod: неиспользованная локальная переменная
         e:\!ПОИТ\2\First\КСИС\Лабы\lab8\lab8\lab8.cpp(88,6): warning C4101: bin: неиспользованная локальная переменная

    Предупреждений: 5
    Ошибок: 0

Прошло времени 00:00:02.19
